warning: Use of blocking mpsc::[Sync]Sender::send() variant, this might deadlock if used incorrectly
  --> $DIR/mpsc_blocking_send.rs:13:13
   |
LL |     let _ = chtx.send(msg.clone()).await;
   |             ^^^^^^^^^^^^^^^^^^^^^^
   |
   = help: Consider using try_send() or wait_for_tx(). Alternatively use #[allow(mpsc_blocking_send)] to suppress the warning.
   = note: `#[warn(mpsc_blocking_send)]` on by default

warning: Use of blocking mpsc::[Sync]Sender::send() variant, this might deadlock if used incorrectly
  --> $DIR/mpsc_blocking_send.rs:17:13
   |
LL |     let _ = chtx.send(msg.clone());
   |             ^^^^^^^^^^^^^^^^^^^^^^
   |
   = help: Consider using try_send() or wait_for_tx(). Alternatively use #[allow(mpsc_blocking_send)] to suppress the warning.

warning: Use of blocking mpsc::[Sync]Sender::send() variant, this might deadlock if used incorrectly
  --> $DIR/mpsc_blocking_send.rs:30:21
   |
LL |             let _ = chtx.send(msg.clone()).await;
   |                     ^^^^^^^^^^^^^^^^^^^^^^
   |
   = help: Consider using try_send() or wait_for_tx(). Alternatively use #[allow(mpsc_blocking_send)] to suppress the warning.

warning: 3 warnings emitted

